<Alloy>

 <Window  class="container">
       <Label>Result</Label>
    </Window>
	

</Alloy>