<Alloy>
	<View class="container">
		<Label>Dette er en test</Label>
	</View>
</Alloy>